"../../../Engine/Content/BasicShapes/BasicShapeMaterial.uasset" 0
"../../../Engine/Content/EngineMaterials/T_Default_Material_Grid_N.uasset" 1
"../../../Engine/Content/EngineMaterials/T_Default_Material_Grid_M.uasset" 2
"../../../Engine/Content/Functions/Engine_MaterialFunctions01/Opacity/CameraDepthFade.uasset" 3
"../../../Engine/Content/EngineMaterials/WorldGridMaterial.uasset" 4
"../../../Engine/Content/BasicShapes/Cube.uasset" 5
"D:/Projects/Unreal Engine/OutOfSpace/Content/Environment/StaticPlatform.uasset" 6
"../../../Engine/Content/EngineMaterials/DefaultPhysicalMaterial.uasset" 7
"D:/Projects/Unreal Engine/OutOfSpace/Content/Textures/T_Grid.uasset" 8
"D:/Projects/Unreal Engine/OutOfSpace/Content/PrototypeMaterials/M_LDGrid_Base.uasset" 9
"D:/Projects/Unreal Engine/OutOfSpace/Content/PrototypeMaterials/MI_LDGrid_Base_Grey.uasset" 10
"D:/Projects/Unreal Engine/OutOfSpace/Content/PrototypeMaterials/TechArt/MF_CheapLF_Vec2.uasset" 11
"../../../Engine/Content/Functions/Engine_MaterialFunctions02/Utility/VectorLength.uasset" 12
"../../../Engine/Content/Functions/Engine_MaterialFunctions02/WorldPositionOffset/ObjectScale.uasset" 13
"../../../Engine/Content/Functions/Engine_MaterialFunctions02/WorldPositionOffset/ObjectPivotPoint.uasset" 14
"../../../Engine/Content/Functions/Engine_MaterialFunctions02/Utility/BreakOutFloat3Components.uasset" 15
"D:/Projects/Unreal Engine/OutOfSpace/Content/PrototypeMaterials/TechArt/MF_LDGrid_Triplanar.uasset" 16
"D:/Projects/Unreal Engine/OutOfSpace/Content/PrototypeMaterials/M_LDGrid_Local.uasset" 17
"D:/Projects/Unreal Engine/OutOfSpace/Content/PrototypeMaterials/MI_LDGrid_Cover.uasset" 18
"D:/Projects/Unreal Engine/OutOfSpace/Content/PrototypeMaterials/MI_LDGrid_ExpBarrel.uasset" 19
"D:/Projects/Unreal Engine/OutOfSpace/Content/PrototypeMaterials/MI_LDGrid_JumpX.uasset" 20
"D:/Projects/Unreal Engine/OutOfSpace/Content/PrototypeMaterials/MI_LDGrid_Local_DarkGrey.uasset" 21
"D:/Projects/Unreal Engine/OutOfSpace/Content/PrototypeMaterials/MI_LDGrid_Local_Green.uasset" 22
"D:/Projects/Unreal Engine/OutOfSpace/Content/PrototypeMaterials/MI_LDGrid_Local_Grey.uasset" 23
"D:/Projects/Unreal Engine/OutOfSpace/Content/PrototypeMaterials/MI_LDGrid_Local_White.uasset" 24
"D:/Projects/Unreal Engine/OutOfSpace/Content/PrototypeMaterials/MI_LDGrid_Water.uasset" 25
"D:/Projects/Unreal Engine/OutOfSpace/Content/PrototypeMaterials/MI_Local_ExplodingBarrel.uasset" 26
"D:/Projects/Unreal Engine/OutOfSpace/Content/PrototypeMaterials/TechArt/MPC_LDGrid.uasset" 27
"D:/Projects/Unreal Engine/OutOfSpace/Content/PrototypeMaterials/Textures/T_Disabled.uasset" 28
"D:/Projects/Unreal Engine/OutOfSpace/Content/PrototypeMaterials/Textures/T_Grid.uasset" 29
"../../../Engine/Content/ArtTools/RenderToTexture/Meshes/S_1_Unit_Plane.uasset" 30
"../../../Engine/Content/EngineMaterials/DefaultMaterial.uasset" 31
"../../../Engine/Content/BasicShapes/Cone.uasset" 32
"../../../Engine/Content/BasicShapes/Plane.uasset" 33
"../../../Engine/Content/EditorLandscapeResources/DataLayer.uasset" 34
"../../../Engine/Content/EditorLandscapeResources/DefaultAlphaTexture.uasset" 35
"../../../Engine/Content/EditorMaterials/MAT_Groups_Toggle.uasset" 36
"../../../Engine/Content/EditorMaterials/MAT_Groups_Visibility.uasset" 37
"../../../Engine/Content/EditorMaterials/PreviewShadowIndicator.uasset" 38
"../../../Engine/Content/EditorMaterials/PreviewShadowIndicatorMaterial.uasset" 39
"../../../Engine/Content/EditorMaterials/MatineeGroups/MAT_ColorTrack.uasset" 40
"../../../Engine/Content/EditorMaterials/MatineeGroups/MAT_Groups_Anim.uasset" 41
"../../../Engine/Content/EditorMaterials/MatineeGroups/MAT_Groups_AudioMaster.uasset" 42
"../../../Engine/Content/EditorMaterials/MatineeGroups/MAT_Groups_Director.uasset" 43
"../../../Engine/Content/EditorMaterials/MatineeGroups/MAT_Groups_Event.uasset" 44
"../../../Engine/Content/EditorMaterials/MatineeGroups/MAT_Groups_Fade.uasset" 45
"../../../Engine/Content/EditorMaterials/MatineeGroups/MAT_Groups_Float.uasset" 46
"../../../Engine/Content/EditorMaterials/MatineeGroups/MAT_Groups_Move.uasset" 47
"../../../Engine/Content/EditorMaterials/MatineeGroups/MAT_Groups_Slomo.uasset" 48
"../../../Engine/Content/EditorMaterials/MatineeGroups/MAT_Groups_Sound.uasset" 49
"../../../Engine/Content/EditorMaterials/MatineeGroups/MAT_Groups_Vector.uasset" 50
"../../../Engine/Content/EditorMaterials/ParticleSystems/PSysThumbnail_NoImage.uasset" 51
"../../../Engine/Content/EditorMaterials/ParticleSystems/PSysThumbnail_OOD.uasset" 52
"../../../Engine/Content/EditorMaterials/Camera/CineMat.uasset" 53
"../../../Engine/Content/EditorMaterials/Camera/MI_CineMat_Rig.uasset" 54
"../../../Engine/Content/EditorMeshes/Camera/SM_CraneRig_Arm.uasset" 55
"../../../Engine/Content/EditorMeshes/Camera/SM_CraneRig_Base.uasset" 56
"../../../Engine/Content/EditorMeshes/Camera/SM_CraneRig_Body.uasset" 57
"../../../Engine/Content/EditorMeshes/Camera/SM_CraneRig_Mount.uasset" 58
"../../../Engine/Content/EditorMeshes/Camera/SM_RailRig_Mount.uasset" 59
"../../../Engine/Content/EditorMeshes/Camera/SM_RailRig_Track.uasset" 60
"../../../Engine/Content/EditorResources/BSPVertex.uasset" 61
"../../../Engine/Content/EditorResources/EmptyActor.uasset" 62
"../../../Engine/Content/EditorResources/S_Actor.uasset" 63
"../../../Engine/Content/EditorResources/S_Note.uasset" 64
"../../../Engine/Content/EditorResources/S_Solver.uasset" 65
"../../../Engine/Content/EditorResources/S_Terrain.uasset" 66
"../../../Engine/Content/EditorResources/S_Trigger.uasset" 67
"../../../Engine/Content/EditorResources/LightIcons/S_LightError.uasset" 68
"../../../Engine/Content/EditorResources/SequenceRecorder/Countdown.uasset" 69
"../../../Engine/Content/EditorResources/SequenceRecorder/RecordingIndicator.uasset" 70
"../../../Engine/Content/EngineDamageTypes/DmgTypeBP_Environmental.uasset" 71
"../../../Engine/Content/EngineDebugMaterials/DebugEditorMaterial.uasset" 72
"../../../Engine/Content/EngineDebugMaterials/DebugMeshMaterial.uasset" 73
"../../../Engine/Content/EngineDebugMaterials/M_SimpleUnlitTranslucent.uasset" 74
"../../../Engine/Content/EngineDebugMaterials/VolumeToRender.uasset" 75
"../../../Engine/Content/Functions/Engine_MaterialFunctions02/Utility/CameraDirectionVector.uasset" 76
"../../../Engine/Content/EngineDebugMaterials/M_VolumeRenderSphereTracePP.uasset" 77
"../../../Engine/Content/Functions/Engine_MaterialFunctions01/Shading/ConvertFromDiffSpec.uasset" 78
"../../../Engine/Content/EngineDebugMaterials/VertexColorMaterial.uasset" 79
"../../../Engine/Content/EngineDebugMaterials/WireframeMaterial.uasset" 80
"../../../Engine/Content/EngineFonts/Faces/RobotoRegular.uasset" 81
"../../../Engine/Content/EngineFonts/Faces/RobotoLight.uasset" 82
"../../../Engine/Content/EngineFonts/Faces/RobotoItalic.uasset" 83
"../../../Engine/Content/EngineFonts/Faces/RobotoBoldItalic.uasset" 84
"../../../Engine/Content/EngineFonts/Faces/RobotoBold.uasset" 85
"../../../Engine/Content/EngineFonts/Faces/DroidSansFallback.uasset" 86
"../../../Engine/Content/EngineFonts/Roboto.uasset" 87
"../../../Engine/Content/EngineMaterials/BaseFlattenDiffuseMap.uasset" 88
"../../../Engine/Content/EngineMaterials/BaseFlattenNormalMap.uasset" 89
"../../../Engine/Content/EngineMaterials/BaseFlattenGrayscaleMap.uasset" 90
"../../../Engine/Content/EngineMaterials/BaseFlattenEmissiveMap.uasset" 91
"../../../Engine/Content/EngineMaterials/BaseFlattenMaterial.uasset" 92
"../../../Engine/Content/EngineMaterials/BlueNoise.uasset" 93
"../../../Engine/Content/EngineMaterials/DefaultBloomKernel.uasset" 94
"../../../Engine/Content/EngineMaterials/DefaultBokeh.uasset" 95
"../../../Engine/Content/EngineMaterials/DefaultDiffuse.uasset" 96
"../../../Engine/Content/EngineMaterials/DefaultDeferredDecalMaterial.uasset" 97
"../../../Engine/Content/EngineMaterials/DefaultLightFunctionMaterial.uasset" 98
"../../../Engine/Content/Functions/Engine_MaterialFunctions02/Utility/BreakOutFloat2Components.uasset" 99
"../../../Engine/Content/EngineMaterials/DefaultPostProcessMaterial.uasset" 100
"../../../Engine/Content/EngineFonts/RobotoDistanceField.uasset" 101
"../../../Engine/Content/EngineMaterials/DefaultTextMaterialOpaque.uasset" 102
"../../../Engine/Content/EngineMaterials/DefaultWhiteGrid.uasset" 103
"../../../Engine/Content/EngineMaterials/DefaultWhiteGrid_Low.uasset" 104
"../../../Engine/Content/EngineMaterials/EmissiveMeshMaterial.uasset" 105
"../../../Engine/Content/EngineMaterials/GizmoMaterial.uasset" 106
"../../../Engine/Content/EngineMaterials/Good64x64TilingNoiseHighFreq.uasset" 107
"../../../Engine/Content/EngineMaterials/MiniFont.uasset" 108
"../../../Engine/Content/EngineMaterials/InvalidLightmapSettings.uasset" 109
"../../../Engine/Content/EngineMaterials/M_InvalidLightmapSettings.uasset" 110
"../../../Engine/Content/Functions/Engine_MaterialFunctions02/WorldPositionOffset/CameraOffset.uasset" 111
"../../../Engine/Content/EngineMaterials/PhAT_JointLimitMaterial.uasset" 112
"../../../Engine/Content/EngineMaterials/PreintegratedSkinBRDF.uasset" 113
"../../../Engine/Content/EngineMaterials/RemoveSurfaceMaterial.uasset" 114
"../../../Engine/Content/EngineMaterials/WeightMapPlaceholderTexture.uasset" 115
"../../../Engine/Content/EngineResources/WhiteSquareTexture.uasset" 116
"../../../Engine/Content/EngineMaterials/Widget3DPassThrough.uasset" 117
"../../../Engine/Content/EngineMaterials/Widget3DPassThrough_Masked.uasset" 118
"../../../Engine/Content/EngineMaterials/Widget3DPassThrough_Opaque.uasset" 119
"../../../Engine/Content/EngineMaterials/Widget3DPassThrough_Masked_OneSided.uasset" 120
"../../../Engine/Content/EngineMaterials/Widget3DPassThrough_Opaque_OneSided.uasset" 121
"../../../Engine/Content/EngineMaterials/Widget3DPassThrough_Translucent.uasset" 122
"../../../Engine/Content/EngineMaterials/Widget3DPassThrough_Translucent_OneSided.uasset" 123
"../../../Engine/Content/EngineMeshes/Cylinder.uasset" 124
"../../../Engine/Content/EngineMeshes/Sphere.uasset" 125
"../../../Engine/Content/EngineResources/Black.uasset" 126
"../../../Engine/Content/EngineResources/DefaultTextureCube.uasset" 127
"../../../Engine/Content/EngineResources/DefaultVolumeTexture2D.uasset" 128
"../../../Engine/Content/EngineResources/DefaultVolumeTexture.uasset" 129
"../../../Engine/Content/EngineResources/GradientTexture0.uasset" 130
"../../../Engine/Content/EngineSky/VolumetricClouds/T_NoiseShape64.uasset" 131
"../../../Engine/Content/EngineSky/VolumetricClouds/T_VolumeNoiseShape64.uasset" 132
"../../../Engine/Content/EngineSky/VolumetricClouds/T_NoiseErosion.uasset" 133
"../../../Engine/Content/EngineSky/VolumetricClouds/T_VolumeNoiseErosion32.uasset" 134
"../../../Engine/Content/EngineSky/VolumetricClouds/CloudWeatherTexture.uasset" 135
"../../../Engine/Content/EngineSky/VolumetricClouds/CloudGradientTexture.uasset" 136
"../../../Engine/Content/Functions/Engine_MaterialFunctions02/Utility/MakeFloat2.uasset" 137
"../../../Engine/Content/EngineSky/VolumetricClouds/m_SimpleVolumetricCloud.uasset" 138
"../../../Engine/Content/EngineSky/VolumetricClouds/m_SimpleVolumetricCloud_Inst.uasset" 139
"../../../Engine/Content/EngineSounds/Master.uasset" 140
"../../../Engine/Content/Functions/Engine_MaterialFunctions01/Shading/PowerToRoughness.uasset" 141
"../../../Engine/Content/Maps/Templates/Thumbnails/Default.uasset" 142
"../../../Engine/Content/Maps/Templates/Thumbnails/TimeOfDay.uasset" 143
"../../../Engine/Content/Maps/Templates/Thumbnails/VR-Basic.uasset" 144
"../../../Engine/Content/MobileResources/T_MobileControls_texture.uasset" 145
"../../../Engine/Content/MobileResources/T_MobileMenu2.uasset" 146
"../../../Engine/Content/MobileResources/HUD/AnalogHat.uasset" 147
"../../../Engine/Content/MobileResources/HUD/VirtualJoystick_Thumb.uasset" 148
"../../../Engine/Content/MobileResources/HUD/VirtualJoystick_Background.uasset" 149
"../../../Engine/Content/MobileResources/HUD/DefaultVirtualJoysticks.uasset" 150
"../../../Engine/Content/MobileResources/HUD/LeftVirtualJoystickOnly.uasset" 151
"../../../Engine/Content/MobileResources/HUD/MobileHUDButton1_off.uasset" 152
"../../../Engine/Content/MobileResources/HUD/MobileHUDButton1_on.uasset" 153
"../../../Engine/Content/MobileResources/HUD/MobileHUDButton2_off.uasset" 154
"../../../Engine/Content/MobileResources/HUD/MobileHUDButton2_on.uasset" 155
"../../../Engine/Content/MobileResources/HUD/MobileHUDButton3.uasset" 156
"../../../Engine/Content/MobileResources/HUD/MobileHUDButtonFire.uasset" 157
"../../../Engine/Content/MobileResources/HUD/MobileHUDDirectionPad.uasset" 158
"../../../Engine/Content/MobileResources/HUD/MobileHUDDirectionPad2.uasset" 159
"../../../Engine/Content/MobileResources/HUD/MobileHUDDirectionPad3.uasset" 160
"../../../Engine/Content/MobileResources/HUD/MobileHUDDirectionStick.uasset" 161
"../../../Engine/Content/MobileResources/HUD/T_Castle_ThumbstickInner.uasset" 162
"../../../Engine/Content/MobileResources/HUD/T_Castle_ThumbstickOutter.uasset" 163
"../../../Engine/Content/Tutorial/ContentIntroCurve.uasset" 164
"../../../Engine/Content/Tutorial/Basics/LevelEditorAttract.uasset" 165
"../../../Engine/Content/Tutorial/Basics/TutorialAssets/icon_tab_Levels_40x.uasset" 166
"../../../Engine/Content/Tutorial/Basics/LevelEditorOverview.uasset" 167
"../../../Engine/Content/Tutorial/Foliage/TutorialAssets/Foliage.uasset" 168
"../../../Engine/Content/Tutorial/Foliage/Foliage_Intro_Tutorial.uasset" 169
"../../../Engine/Content/Tutorial/Foliage/Foliage_Settings_Tutorial.uasset" 170
"../../../Engine/Content/Tutorial/Foliage/Foliage_Using_The_Tool_Tutorial.uasset" 171
"../../../Engine/Content/Tutorial/Landscape/TutorialAssets/Landscape.uasset" 172
"../../../Engine/Content/Tutorial/Landscape/LandscapeWalkThrough.uasset" 173
"../../../Engine/Content/Tutorial/Landscape/Landscape_Manage_Mode.uasset" 174
"../../../Engine/Content/EditorBlueprintResources/StandardMacros.uasset" 175
"../../../Engine/Content/Tutorial/Landscape/Landscape_Painting_Mode.uasset" 176
"../../../Engine/Content/Tutorial/Landscape/Landscape_Sculpt_Mode.uasset" 177
"../../../Engine/Content/VREditor/TransformGizmo/TranslucentTransformGizmoMaterial.uasset" 178
"../../../Engine/Content/VREditor/LaserPointer/VR_LaserPower_01.uasset" 179
"../../../Engine/Content/VREditor/TransformGizmo/TransformGizmoMaterial.uasset" 180
"../../../Engine/Content/VREditor/TransformGizmo/BoundingBoxCorner.uasset" 181
"../../../Engine/Content/VREditor/TransformGizmo/BoundingBoxEdge.uasset" 182
"../../../Engine/Content/VREditor/TransformGizmo/PlaneTranslationHandle.uasset" 183
"../../../Engine/Content/VREditor/TransformGizmo/Xray.uasset" 184
"../../../Engine/Content/VREditor/TransformGizmo/Main.uasset" 185
"../../../Engine/Content/VREditor/TransformGizmo/SM_Sequencer_Key.uasset" 186
"../../../Engine/Content/VREditor/TransformGizmo/SM_Sequencer_Node.uasset" 187
"../../Plugins/2D/Paper2D/Content/PlaceholderTextures/DummySpriteTexture.uasset" 188
"../../Plugins/2D/Paper2D/Content/DummySprite.uasset" 189
"../../Plugins/2D/Paper2D/Content/DefaultPaperTerrainMaterial.uasset" 190
"../../Plugins/2D/Paper2D/Content/DefaultSpriteMaterial.uasset" 191
"../../Plugins/2D/Paper2D/Content/MaskedUnlitSpriteMaterial.uasset" 192
"../../Plugins/2D/Paper2D/Content/OpaqueUnlitSpriteMaterial.uasset" 193
"../../../Engine/Content/Functions/Engine_MaterialFunctions02/ObjectLocalBounds.uasset" 194
"../../Plugins/Editor/SpeedTreeImporter/Content/SpeedTree9/UnpackInteger3.uasset" 195
"../../Plugins/Editor/SpeedTreeImporter/Content/SpeedTree9/UnpackDirection.uasset" 196
"../../Plugins/Editor/SpeedTreeImporter/Content/SpeedTree9/game_wind_noise.uasset" 197
"../../../Engine/Content/Functions/Engine_MaterialFunctions02/SafeNormalize.uasset" 198
"../../Plugins/Editor/SpeedTreeImporter/Content/SpeedTree9/SpeedTreeWindMotion.uasset" 199
"../../Plugins/Editor/SpeedTreeImporter/Content/SpeedTree9/SpeedTreeBranchMotion.uasset" 200
"../../../Engine/Content/Functions/Engine_MaterialFunctions02/UVs/BoundingBoxBased_0-1_UVW.uasset" 201
"../../Plugins/Editor/SpeedTreeImporter/Content/SpeedTree9/SpeedTreeWind.uasset" 202
"../../Plugins/Editor/SpeedTreeImporter/Content/SpeedTree9/SpeedTreeBillboard.uasset" 203
"../../../Engine/Content/EngineResources/DefaultTexture.uasset" 204
"../../Plugins/Editor/SpeedTreeImporter/Content/SpeedTree9/SpeedTreeBillboardMaster.uasset" 205
"../../Plugins/Editor/SpeedTreeImporter/Content/SpeedTree9/SpeedTreeCameraFacing.uasset" 206
"../../Plugins/Editor/SpeedTreeImporter/Content/SpeedTree9/SpeedTreeMaster.uasset" 207
"../../../Engine/Content/ArtTools/RenderToTexture/Materials/Debug/M_Emissive_Color.uasset" 208
"../../../Engine/Content/BasicShapes/Cylinder.uasset" 209
"../../Plugins/Lumin/MagicLeapPassableWorld/Content/MagicLeapARPinInfoActor.uasset" 210
"../../../Engine/Content/Functions/Engine_MaterialFunctions02/Utility/BreakOutFloat4Components.uasset" 211
"../../../Engine/Content/Functions/Engine_MaterialFunctions02/Utility/MakeFloat3.uasset" 212
"../../Plugins/Runtime/Oculus/OculusVR/Content/Materials/OculusMR_ChromaKey.uasset" 213
"../../Plugins/Runtime/Oculus/OculusVR/Content/Materials/OculusMR_OpaqueColoredMaterial.uasset" 214
"../../Plugins/Runtime/Oculus/OculusVR/Content/Materials/PokeAHoleMaterial.uasset" 215
"D:/Projects/Unreal Engine/OutOfSpace/Content/Character/PlayerPhysMat.uasset" 216
"../../../Engine/Content/EngineSky/T_Sky_Stars.uasset" 217
"../../../Engine/Content/EngineSky/T_Sky_Clouds_M.uasset" 218
"../../../Engine/Content/EngineSky/T_Sky_Blue.uasset" 219
"D:/Projects/Unreal Engine/OutOfSpace/Content/PrototypeMaterials/MI_LDGrid_World.uasset" 220
"D:/Projects/Unreal Engine/OutOfSpace/Content/PrototypeMaterials/MI_LDGrid_Local_Red.uasset" 221
"D:/Projects/Unreal Engine/OutOfSpace/Content/Environment/PlatformMaterialDeactivated.uasset" 222
"../../../Engine/Content/EngineSky/M_Sky_Panning_Clouds2.uasset" 223
"D:/Projects/Unreal Engine/OutOfSpace/Content/PrototypeMaterials/MI_LDGrid_ActivitivePlatform.uasset" 224
"D:/Projects/Unreal Engine/OutOfSpace/Content/PrototypeMaterials/M_LDGrid_DeactivePlatform.uasset" 225
"D:/Projects/Unreal Engine/OutOfSpace/Content/PrototypeMaterials/M_LDGrid_ActivePlatform.uasset" 226
"D:/Projects/Unreal Engine/OutOfSpace/Content/Environment/Device.uasset" 227
"D:/Projects/Unreal Engine/OutOfSpace/Content/Environment/TogglePlatform.uasset" 228
"D:/Projects/Unreal Engine/OutOfSpace/Content/Environment/LevelEndMaterial.uasset" 229
"../../../Engine/Content/BasicShapes/Sphere.uasset" 230
"D:/Projects/Unreal Engine/OutOfSpace/Content/Environment/LevelEnd.uasset" 231
"D:/Projects/Unreal Engine/OutOfSpace/Content/Environment/PlatformMaterial.uasset" 232
"D:/Projects/Unreal Engine/OutOfSpace/Content/Environment/LaserCapMaterial.uasset" 233
"D:/Projects/Unreal Engine/OutOfSpace/Content/Character/PlayerCharacter.uasset" 234
"D:/Projects/Unreal Engine/OutOfSpace/Content/Environment/Button.uasset" 235
"D:/Projects/Unreal Engine/OutOfSpace/Content/Environment/LaserMaterial.uasset" 236
"D:/Projects/Unreal Engine/OutOfSpace/Content/Environment/Laser.uasset" 237
"../../../Engine/Content/EngineSky/SM_SkySphere.uasset" 238
"../../../Engine/Content/EngineSky/C_Sky_Zenith_Color.uasset" 239
"../../../Engine/Content/EngineSky/C_Sky_Horizon_Color.uasset" 240
"../../../Engine/Content/EngineSky/C_Sky_Cloud_Color.uasset" 241
"../../../Engine/Content/EngineSky/BP_Sky_Sphere.uasset" 242
"D:/Projects/Unreal Engine/OutOfSpace/Content/Maps/level1.umap" 243
"../../../Engine/Content/MapTemplates/SM_Template_Map_Floor.uasset" 244
"D:/Projects/Unreal Engine/OutOfSpace/Content/Maps/TestLevel_BuiltData.uasset" 245
"D:/Projects/Unreal Engine/OutOfSpace/Content/Maps/TestLevel.umap" 246
"D:/Projects/Unreal Engine/OutOfSpace/Content/Maps/level3_BuiltData.uasset" 247
"D:/Projects/Unreal Engine/OutOfSpace/Content/Maps/level3.umap" 248
"../../../Engine/Content/Maps/Entry_BuiltData.uasset" 249
"../../../Engine/Content/Maps/Entry.umap" 250
